{"logTime": "0913/023126", "correlationVector":"+GgjXBGZzheMcGAMsWJav7.1","action":"SyncServerConnectionManagerRequest", "result":"SYNC_SERVER_OK", "context":{"environment":"Prod_SoutheastAsia_000j", "migrationStage":"NotStarted", "server":"GENERAL0100000V"}}
{"logTime": "0913/023128", "correlationVector":"+GgjXBGZzheMcGAMsWJav7.2","action":"AAD.Mip.Unpack", "result":"Success", "context":MIP_CLOUD_COMMERCIAL:Success}
{"logTime": "0913/023128", "correlationVector":"+GgjXBGZzheMcGAMsWJav7.3","action":"AAD.GetKeyResponse", "result":"Success", "context":Keys=1.LastKeyStatus=Normal. 2024-09-12 08:22:39 +07.State=None. Tags: Current_encryption_keys_tag = 77+9ZHbvv73vv70R77+977+9z6V877+9NT4QWWRhYe+/vUALBXIl77+9YO+/vW8i77+9YQ==, Updated_current_encryption_keys_tag = Empty}
{"logTime": "0913/023128", "correlationVector":"+GgjXBGZzheMcGAMsWJav7","action":"Initial GetUpdates", "result":"", "context":Reason: NEW_CLIENT. cV=+GgjXBGZzheMcGAMsWJav7}
{"logTime": "0913/023128", "correlationVector":"+GgjXBGZzheMcGAMsWJav7.4","action":"GetUpdates Response", "result":"Success", "context":Received 1 update(s). cV=+GgjXBGZzheMcGAMsWJav7.0;server=GENERAL0100000V;cloudType=Multitenant;environment=Prod_SoutheastAsia_000j;migrationStage=NotStarted}
{"logTime": "0913/023128", "correlationVector":"t4qk5FGPZAvcWmS055BsKH","action":"Initial GetUpdates", "result":"", "context":Reason: NEW_CLIENT. cV=t4qk5FGPZAvcWmS055BsKH}
{"logTime": "0913/023128", "correlationVector":"t4qk5FGPZAvcWmS055BsKH.1","action":"SyncServerConnectionManagerRequest", "result":"SYNC_SERVER_OK", "context":{"environment":"Prod_SoutheastAsia_000j", "migrationStage":"NotStarted", "server":"GENERAL0300000Z"}}
{"logTime": "0913/023128", "correlationVector":"t4qk5FGPZAvcWmS055BsKH.2","action":"GetUpdates Response", "result":"Success", "context":Received 21 update(s). cV=t4qk5FGPZAvcWmS055BsKH.0;server=GENERAL0300000Z;cloudType=Multitenant;environment=Prod_SoutheastAsia_000j;migrationStage=NotStarted}
{"logTime": "0913/023128", "correlationVector":"ZBEt2wVHb/KbXU5Ap5P6Z1","action":"Initial GetUpdates", "result":"", "context":Reason: NEW_CLIENT. cV=ZBEt2wVHb/KbXU5Ap5P6Z1}
{"logTime": "0913/023128", "correlationVector":"ZBEt2wVHb/KbXU5Ap5P6Z1.1","action":"SyncServerConnectionManagerRequest", "result":"SYNC_SERVER_OK", "context":{"environment":"Prod_SoutheastAsia_000j", "migrationStage":"NotStarted", "server":"GENERAL0300001W"}}
{"logTime": "0913/023128", "correlationVector":"ZBEt2wVHb/KbXU5Ap5P6Z1.2","action":"GetUpdates Response", "result":"Success", "context":Received 5 update(s). cV=ZBEt2wVHb/KbXU5Ap5P6Z1.0;server=GENERAL0300001W;cloudType=Multitenant;environment=Prod_SoutheastAsia_000j;migrationStage=NotStarted}
{"logTime": "0913/023128", "correlationVector":"QVuKXU7cVMg6FUdyyoR3eD","action":"Initial GetUpdates", "result":"", "context":Reason: NEW_CLIENT. cV=QVuKXU7cVMg6FUdyyoR3eD}
{"logTime": "0913/023128", "correlationVector":"QVuKXU7cVMg6FUdyyoR3eD.1","action":"SyncServerConnectionManagerRequest", "result":"SYNC_SERVER_OK", "context":{"environment":"Prod_SoutheastAsia_000j", "migrationStage":"NotStarted", "server":"GENERAL0300002E"}}
{"logTime": "0913/023128", "correlationVector":"QVuKXU7cVMg6FUdyyoR3eD.2","action":"GetUpdates Response", "result":"Success", "context":Received 1 update(s). cV=QVuKXU7cVMg6FUdyyoR3eD.0;server=GENERAL0300002E;cloudType=Multitenant;environment=Prod_SoutheastAsia_000j;migrationStage=NotStarted}
{"logTime": "0913/023128", "correlationVector":"HDObAaXewItchyfXnaq1Fv","action":"Normal GetUpdate request", "result":"", "context":cV=HDObAaXewItchyfXnaq1Fv
Nudged types: Device Info, User Consents
Refresh requested types: Bookmarks, Preferences, Passwords, Autofill Profiles, Autofill, Extensions, Extension settings, Device Info, User Consents, Send Tab To Self, Web Apps, Collection, Edge E Drop, Edge Hub App Usage, Edge Wallet, Encryption Keys}
{"logTime": "0913/023129", "correlationVector":"HDObAaXewItchyfXnaq1Fv.1","action":"SyncServerConnectionManagerRequest", "result":"SYNC_SERVER_OK", "context":{"environment":"Prod_SoutheastAsia_000j", "migrationStage":"NotStarted", "server":"GENERAL0300001Y"}}
{"logTime": "0913/023129", "correlationVector":"HDObAaXewItchyfXnaq1Fv.2","action":"GetUpdates Response", "result":"Success", "context":Received 0 update(s). cV=HDObAaXewItchyfXnaq1Fv.0;server=GENERAL0300001Y;cloudType=Multitenant;environment=Prod_SoutheastAsia_000j;migrationStage=NotStarted}
{"logTime": "0913/023129", "correlationVector":"7fH1xNU4sZleYBttnrF8dJ","action":"DoCompareDataConsistency requsted types: ", "result":"Bookmarks, Preferences, Passwords, Extensions, Extension settings, Send Tab To Self, Web Apps, Collection, Edge E Drop, Edge Wallet, Encryption Keys"}
{"logTime": "0913/023129", "correlationVector":"7fH1xNU4sZleYBttnrF8dJ.0","action":"CompareDataConsistency result: ", "result":"Compare result: Encryption Keys is consistent. local entities count is: 1 local entities hash is: KbgLKgldb5aOh/w3fThxb5e8wW4="}
{"logTime": "0913/023129", "correlationVector":"7fH1xNU4sZleYBttnrF8dJ.1","action":"CompareDataConsistency result: ", "result":"Compare result: Bookmarks is consistent. local entities count is: 3 local entities hash is: 9HNEifmbwF7Kcapm/0olvh4SbJA="}
{"logTime": "0913/023129", "correlationVector":"7fH1xNU4sZleYBttnrF8dJ.2","action":"CompareDataConsistency result: ", "result":"Compare result: Preferences is consistent. local entities count is: 19 local entities hash is: xhSYJLOtmyWJbNUW4gIJRcNyEqg="}
{"logTime": "0913/023129", "correlationVector":"7fH1xNU4sZleYBttnrF8dJ.3","action":"CompareDataConsistency result: ", "result":"Compare result: Passwords is consistent. local entities count is: 0 local entities hash is: "}
{"logTime": "0913/023129", "correlationVector":"7fH1xNU4sZleYBttnrF8dJ.4","action":"CompareDataConsistency result: ", "result":"Compare result: Extensions is consistent. local entities count is: 0 local entities hash is: "}
{"logTime": "0913/023129", "correlationVector":"7fH1xNU4sZleYBttnrF8dJ.5","action":"CompareDataConsistency result: ", "result":"Compare result: Extension settings is consistent. local entities count is: 0 local entities hash is: "}
{"logTime": "0913/023129", "correlationVector":"7fH1xNU4sZleYBttnrF8dJ.6","action":"CompareDataConsistency result: ", "result":"Server did not send this Send Tab To Self local entities count is: 0 local entities hash is: "}
{"logTime": "0913/023129", "correlationVector":"7fH1xNU4sZleYBttnrF8dJ.7","action":"CompareDataConsistency result: ", "result":"Compare result: Web Apps is consistent. local entities count is: 0 local entities hash is: "}
{"logTime": "0913/023129", "correlationVector":"7fH1xNU4sZleYBttnrF8dJ.8","action":"CompareDataConsistency result: ", "result":"Compare result: Collection is consistent. local entities count is: 0 local entities hash is: "}
{"logTime": "0913/023129", "correlationVector":"7fH1xNU4sZleYBttnrF8dJ.9","action":"CompareDataConsistency result: ", "result":"Compare result: Edge E Drop is consistent. local entities count is: 0 local entities hash is: "}
{"logTime": "0913/023129", "correlationVector":"7fH1xNU4sZleYBttnrF8dJ.10","action":"CompareDataConsistency result: ", "result":"Compare result: Edge Wallet is consistent. local entities count is: 0 local entities hash is: "}
{"logTime": "0913/023129", "correlationVector":"E0uSm7IslIArb/Gl1BhbMv","action":"Commit Request", "result":"", "context":Item count: 3
Contributing types: Device Info, User Consents}
{"logTime": "0913/023129", "correlationVector":"E0uSm7IslIArb/Gl1BhbMv.1","action":"SyncServerConnectionManagerRequest", "result":"SYNC_SERVER_OK", "context":{"environment":"Prod_SoutheastAsia_000j", "migrationStage":"NotStarted", "server":"GENERAL0300002S"}}
{"logTime": "0913/023129", "correlationVector":"E0uSm7IslIArb/Gl1BhbMv.2","action":"Commit Response", "result":"Success", "context":Result: Success. cV=E0uSm7IslIArb/Gl1BhbMv.0;server=GENERAL0300002S;cloudType=Multitenant;environment=Prod_SoutheastAsia_000j;migrationStage=NotStarted}
{"logTime": "0913/023129", "correlationVector":"","action":"DIAGNOSTIC_REQUEST|v1/diagnosticData/Diagnostic.SendCheckResult()|SUCCESS", "result":""}
{"logTime": "0913/023130", "correlationVector":"BZwyQqhTYDyOrYr6IZx//W","action":"Normal GetUpdate request", "result":"", "context":cV=BZwyQqhTYDyOrYr6IZx//W
Nudged types: Device Info}
{"logTime": "0913/023130", "correlationVector":"BZwyQqhTYDyOrYr6IZx//W.1","action":"SyncServerConnectionManagerRequest", "result":"SYNC_SERVER_OK", "context":{"environment":"Prod_SoutheastAsia_000j", "migrationStage":"NotStarted", "server":"GENERAL0300000Q"}}
{"logTime": "0913/023130", "correlationVector":"BZwyQqhTYDyOrYr6IZx//W.2","action":"GetUpdates Response", "result":"Success", "context":Received 1 update(s). cV=BZwyQqhTYDyOrYr6IZx//W.0;server=GENERAL0300000Q;cloudType=Multitenant;environment=Prod_SoutheastAsia_000j;migrationStage=NotStarted}
