2024-09-13T02:31:21.690Z P:19796 T:8544] SyncServiceImpl::Initialize,SyncState after authenticated was: NotSignedIn
2024-09-13T02:31:24.032Z P:19796 T:8544] SyncServiceImpl::TryStartImpl,Try to start sync engine
2024-09-13T02:31:24.033Z P:19796 T:17584] SyncManagerImpl::ConfigureSyncer,Types to download: Encryption Keys
2024-09-13T02:31:25.942Z P:19796 T:8544] SyncAuthManager::SetLastAuthError,Current auth error: None
2024-09-13T02:31:25.942Z P:19796 T:8544] SyncAuthManager::EdgeLogTokenErrorState,Token error with: None for account type: AAD
2024-09-13T02:31:25.942Z P:19796 T:8544] SyncServiceImpl::CredentialsChangedForKeyData,Credentials changed for: EdgeSyncKeyDataScope
2024-09-13T02:31:26.211Z P:19796 T:8544] SyncAuthManager::SetLastAuthError,Current auth error: None
2024-09-13T02:31:26.211Z P:19796 T:8544] SyncAuthManager::EdgeLogTokenErrorState,Token error with: None for account type: AAD
2024-09-13T02:31:26.211Z P:19796 T:8544] SyncServiceImpl::CredentialsChanged,Credentials changed for: EdgeSyncScopeNew
2024-09-13T02:31:28.068Z P:19796 T:8544] SyncServiceImpl::OnEngineInitialized,Initialize engine with: Success
2024-09-13T02:31:28.069Z P:19796 T:8544] ModelLoadManager::Configure,Desired types without errors: Bookmarks, Preferences, Passwords, Autofill Profiles, Autofill, Extensions, Extension settings, Device Info, User Consents, Send Tab To Self, Web Apps, Collection, Edge E Drop, Edge Hub App Usage, Edge Wallet, Encryption Keys and types with errors: 
2024-09-13T02:31:28.069Z P:19796 T:8544] ModelLoadManager::ModelLoadCallback,Load Bookmarks: success
2024-09-13T02:31:28.069Z P:19796 T:8544] ModelLoadManager::LoadDesiredTypes,Loading type: Bookmarks
2024-09-13T02:31:28.069Z P:19796 T:8544] ModelLoadManager::LoadDesiredTypes,Loading type: Preferences
2024-09-13T02:31:28.069Z P:19796 T:8544] ModelLoadManager::LoadDesiredTypes,Loading type: Passwords
2024-09-13T02:31:28.069Z P:19796 T:8544] ModelLoadManager::LoadDesiredTypes,Loading type: Autofill Profiles
2024-09-13T02:31:28.069Z P:19796 T:8544] ModelLoadManager::LoadDesiredTypes,Loading type: Autofill
2024-09-13T02:31:28.069Z P:19796 T:8544] ModelLoadManager::LoadDesiredTypes,Loading type: Extensions
2024-09-13T02:31:28.069Z P:19796 T:8544] ModelLoadManager::LoadDesiredTypes,Loading type: Extension settings
2024-09-13T02:31:28.070Z P:19796 T:8544] ModelLoadManager::LoadDesiredTypes,Loading type: Device Info
2024-09-13T02:31:28.070Z P:19796 T:8544] ModelLoadManager::LoadDesiredTypes,Loading type: User Consents
2024-09-13T02:31:28.070Z P:19796 T:8544] ModelLoadManager::LoadDesiredTypes,Loading type: Send Tab To Self
2024-09-13T02:31:28.070Z P:19796 T:8544] ModelLoadManager::LoadDesiredTypes,Loading type: Web Apps
2024-09-13T02:31:28.070Z P:19796 T:8544] ModelLoadManager::LoadDesiredTypes,Loading type: Collection
2024-09-13T02:31:28.070Z P:19796 T:8544] ModelLoadManager::LoadDesiredTypes,Loading type: Edge E Drop
2024-09-13T02:31:28.070Z P:19796 T:8544] ModelLoadManager::LoadDesiredTypes,Loading type: Edge Hub App Usage
2024-09-13T02:31:28.070Z P:19796 T:8544] ModelLoadManager::LoadDesiredTypes,Loading type: Edge Wallet
2024-09-13T02:31:28.070Z P:19796 T:8544] ModelLoadManager::ModelLoadCallback,Load Preferences: success
2024-09-13T02:31:28.070Z P:19796 T:8544] ModelLoadManager::ModelLoadCallback,Load Extensions: success
2024-09-13T02:31:28.071Z P:19796 T:8544] ModelLoadManager::ModelLoadCallback,Load Passwords: success
2024-09-13T02:31:28.071Z P:19796 T:8544] ModelLoadManager::ModelLoadCallback,Load Autofill Profiles: success
2024-09-13T02:31:28.071Z P:19796 T:8544] ModelLoadManager::ModelLoadCallback,Load Autofill: success
2024-09-13T02:31:28.071Z P:19796 T:8544] ModelLoadManager::ModelLoadCallback,Load Extension settings: success
2024-09-13T02:31:28.071Z P:19796 T:8544] ModelLoadManager::ModelLoadCallback,Load Device Info: success
2024-09-13T02:31:28.071Z P:19796 T:8544] ModelLoadManager::ModelLoadCallback,Load User Consents: success
2024-09-13T02:31:28.071Z P:19796 T:8544] ModelLoadManager::ModelLoadCallback,Load Send Tab To Self: success
2024-09-13T02:31:28.071Z P:19796 T:8544] ModelLoadManager::ModelLoadCallback,Load Web Apps: success
2024-09-13T02:31:28.071Z P:19796 T:8544] ModelLoadManager::ModelLoadCallback,Load Collection: success
2024-09-13T02:31:28.071Z P:19796 T:8544] ModelLoadManager::ModelLoadCallback,Load Edge Hub App Usage: success
2024-09-13T02:31:28.071Z P:19796 T:8544] ModelLoadManager::ModelLoadCallback,Load Edge Wallet: success
2024-09-13T02:31:28.071Z P:19796 T:8544] ModelLoadManager::ModelLoadCallback,Load Edge E Drop: success
2024-09-13T02:31:28.071Z P:19796 T:8544] DataTypeManagerImpl::OnAllDataTypesReadyForConfigure,Start to configure data types
2024-09-13T02:31:28.071Z P:19796 T:8544] DataTypeManagerImpl::StartNextConfiguration,Remain to be configured size: 4 and next configuring types are: Encryption Keys
2024-09-13T02:31:28.071Z P:19796 T:8544] DataTypeManagerImpl::PrepareConfigureParams,Prepare to be configured types: 
2024-09-13T02:31:28.071Z P:19796 T:20556] SyncManagerImpl::ConfigureSyncer,Types to download: 
2024-09-13T02:31:28.072Z P:19796 T:8544] DataTypeManagerImpl::ConfigurationCompleted,Remain to be configured size: 3
2024-09-13T02:31:28.072Z P:19796 T:8544] DataTypeManagerImpl::StartNextConfiguration,Remain to be configured size: 3 and next configuring types are: Preferences, Passwords, Device Info, Send Tab To Self, Edge E Drop
2024-09-13T02:31:28.072Z P:19796 T:8544] DataTypeManagerImpl::PrepareConfigureParams,Prepare to be configured types: Preferences, Passwords, Device Info, Send Tab To Self, Edge E Drop, Encryption Keys
2024-09-13T02:31:28.072Z P:19796 T:20556] SyncManagerImpl::ConfigureSyncer,Types to download: Preferences, Passwords, Device Info, Send Tab To Self, Edge E Drop, Encryption Keys
2024-09-13T02:31:28.297Z P:19796 T:8544] DataTypeManagerImpl::ConfigurationCompleted,Remain to be configured size: 2
2024-09-13T02:31:28.297Z P:19796 T:8544] DataTypeManagerImpl::StartNextConfiguration,Remain to be configured size: 2 and next configuring types are: Bookmarks
2024-09-13T02:31:28.297Z P:19796 T:8544] DataTypeManagerImpl::PrepareConfigureParams,Prepare to be configured types: Bookmarks, Encryption Keys
2024-09-13T02:31:28.297Z P:19796 T:20556] SyncManagerImpl::ConfigureSyncer,Types to download: Bookmarks, Encryption Keys
2024-09-13T02:31:28.622Z P:19796 T:8544] DataTypeManagerImpl::ConfigurationCompleted,Remain to be configured size: 1
2024-09-13T02:31:28.623Z P:19796 T:8544] DataTypeManagerImpl::StartNextConfiguration,Remain to be configured size: 1 and next configuring types are: Autofill Profiles, Autofill, Extensions, Extension settings, User Consents, Web Apps, Collection, Edge Hub App Usage, Edge Wallet
2024-09-13T02:31:28.623Z P:19796 T:8544] DataTypeManagerImpl::PrepareConfigureParams,Prepare to be configured types: Autofill Profiles, Autofill, Extensions, Extension settings, Web Apps, Collection, Edge Hub App Usage, Edge Wallet, Encryption Keys
2024-09-13T02:31:28.623Z P:19796 T:20556] SyncManagerImpl::ConfigureSyncer,Types to download: Autofill Profiles, Autofill, Extensions, Extension settings, Web Apps, Collection, Edge Hub App Usage, Edge Wallet, Encryption Keys
2024-09-13T02:31:28.797Z P:19796 T:8544] DataTypeManagerImpl::ConfigurationCompleted,Remain to be configured size: 0
2024-09-13T02:31:28.798Z P:19796 T:8544] SyncServiceImpl::OnConfigureDone,Configure DataTypeManager with: Ok
2024-09-13T02:31:29.840Z P:19796 T:17256] Commit::PostAndProcessResponse,Process Device Info: Success
2024-09-13T02:31:29.840Z P:19796 T:17256] Commit::PostAndProcessResponse,Process User Consents: Success
2024-09-13T02:31:50.167Z P:19796 T:8544] SyncServiceImpl::ResetEngine,Reset engine with reason: 0
